<?xml version="1.0" encoding="UTF-8"?>
<!-- Generated by org.testng.reporters.JUnitReportReporter -->
<testsuite skipped="0" hostname="MPB-harsh.local" name="com.crm.qa.testcases.ContactsPageTest" tests="3" failures="0" timestamp="25 Sep 2018 05:09:48 GMT" time="76.911" errors="0">
  <testcase name="validateCreateNewContact" time="24.887" classname="com.crm.qa.testcases.ContactsPageTest"/>
  <testcase name="validateCreateNewContact" time="26.413" classname="com.crm.qa.testcases.ContactsPageTest"/>
  <testcase name="validateCreateNewContact" time="25.611" classname="com.crm.qa.testcases.ContactsPageTest"/>
</testsuite> <!-- com.crm.qa.testcases.ContactsPageTest -->
