<?xml version="1.0" encoding="UTF-8"?>
<!-- Generated by org.testng.reporters.JUnitReportReporter -->
<testsuite skipped="0" hostname="MPB-harsh.local" name="com.crm.qa.testcases.LoginPageTest" tests="3" failures="0" timestamp="25 Sep 2018 05:09:48 GMT" time="35.879" errors="0">
  <testcase name="loginPageTitleTest" time="6.023" classname="com.crm.qa.testcases.LoginPageTest"/>
  <testcase name="crmLogoImageTest" time="15.995" classname="com.crm.qa.testcases.LoginPageTest"/>
  <testcase name="loginTest" time="13.861" classname="com.crm.qa.testcases.LoginPageTest"/>
</testsuite> <!-- com.crm.qa.testcases.LoginPageTest -->
