<?xml version="1.0" encoding="UTF-8"?>
<!-- Generated by org.testng.reporters.JUnitReportReporter -->
<testsuite skipped="0" hostname="MPB-harsh.local" name="com.crm.qa.testcases.HomePageTest" tests="3" failures="0" timestamp="25 Sep 2018 05:09:48 GMT" time="52.342" errors="0">
  <testcase name="verifyHomePageTitleTest" time="16.146" classname="com.crm.qa.testcases.HomePageTest"/>
  <testcase name="verifyUserNameTest" time="14.350" classname="com.crm.qa.testcases.HomePageTest"/>
  <testcase name="verifyContactsLinkTest" time="21.846" classname="com.crm.qa.testcases.HomePageTest"/>
</testsuite> <!-- com.crm.qa.testcases.HomePageTest -->
