<?xml version="1.0" encoding="UTF-8"?>
<!-- Generated by org.testng.reporters.JUnitReportReporter -->
<testsuite skipped="0" hostname="MPB-harsh.local" name="com.crm.qa.testcases.LoginPageTest" tests="3" failures="0" timestamp="25 Sep 2018 06:53:19 GMT" time="71.613" errors="0">
  <testcase name="loginPageTitleTest" time="6.345" classname="com.crm.qa.testcases.LoginPageTest"/>
  <testcase name="crmLogoImageTest" time="26.346" classname="com.crm.qa.testcases.LoginPageTest"/>
  <testcase name="loginTest" time="38.922" classname="com.crm.qa.testcases.LoginPageTest"/>
</testsuite> <!-- com.crm.qa.testcases.LoginPageTest -->
