<?xml version="1.0" encoding="UTF-8"?>
<!-- Generated by org.testng.reporters.JUnitReportReporter -->
<testsuite skipped="0" hostname="MPB-harsh.local" name="com.crm.qa.testcases.ContactsPageTest" tests="3" failures="0" timestamp="25 Sep 2018 06:53:19 GMT" time="95.652" errors="0">
  <testcase name="validateCreateNewContact" time="40.130" classname="com.crm.qa.testcases.ContactsPageTest"/>
  <testcase name="validateCreateNewContact" time="29.952" classname="com.crm.qa.testcases.ContactsPageTest"/>
  <testcase name="validateCreateNewContact" time="25.570" classname="com.crm.qa.testcases.ContactsPageTest"/>
</testsuite> <!-- com.crm.qa.testcases.ContactsPageTest -->
